c:\users\kurumichan\desktop\dnf cloning\dnf cloning\debug\vc141.pdb
c:\users\kurumichan\desktop\dnf cloning\dnf cloning\debug\vc141.idb
c:\users\kurumichan\desktop\dnf cloning\dnf cloning\debug\dnfcore.obj
c:\users\kurumichan\desktop\dnf cloning\dnf cloning\debug\st.obj
c:\users\kurumichan\desktop\dnf cloning\dnf cloning\debug\soundmanager.obj
c:\users\kurumichan\desktop\dnf cloning\dnf cloning\debug\scene_tower.obj
c:\users\kurumichan\desktop\dnf cloning\dnf cloning\debug\scene_title.obj
c:\users\kurumichan\desktop\dnf cloning\dnf cloning\debug\scene.obj
c:\users\kurumichan\desktop\dnf cloning\dnf cloning\debug\obj_hero.obj
c:\users\kurumichan\desktop\dnf cloning\dnf cloning\debug\obj_enemy.obj
c:\users\kurumichan\desktop\dnf cloning\dnf cloning\debug\obj_effect.obj
c:\users\kurumichan\desktop\dnf cloning\dnf cloning\debug\obj_bullet.obj
c:\users\kurumichan\desktop\dnf cloning\dnf cloning\debug\obj_bga.obj
c:\users\kurumichan\desktop\dnf cloning\dnf cloning\debug\object.obj
c:\users\kurumichan\desktop\dnf cloning\dnf cloning\debug\header.obj
c:\users\kurumichan\desktop\dnf cloning\dnf cloning\debug\enemymanager.obj
c:\users\kurumichan\desktop\dnf cloning\dnf cloning\debug\effectmanager.obj
c:\users\kurumichan\desktop\dnf cloning\dnf cloning\debug\bulletmanager.obj
c:\users\kurumichan\desktop\dnf cloning\dnf cloning\debug\dnf cloning.res
c:\users\kurumichan\desktop\dnf cloning\debug\dnf cloning.pdb
c:\users\kurumichan\desktop\dnf cloning\dnf cloning\debug\dnf cloning.tlog\cl.command.1.tlog
c:\users\kurumichan\desktop\dnf cloning\dnf cloning\debug\dnf cloning.tlog\cl.read.1.tlog
c:\users\kurumichan\desktop\dnf cloning\dnf cloning\debug\dnf cloning.tlog\cl.write.1.tlog
c:\users\kurumichan\desktop\dnf cloning\dnf cloning\debug\dnf cloning.tlog\link-cvtres.read.1.tlog
c:\users\kurumichan\desktop\dnf cloning\dnf cloning\debug\dnf cloning.tlog\link-cvtres.write.1.tlog
c:\users\kurumichan\desktop\dnf cloning\dnf cloning\debug\dnf cloning.tlog\link-rc.read.1.tlog
c:\users\kurumichan\desktop\dnf cloning\dnf cloning\debug\dnf cloning.tlog\link-rc.write.1.tlog
c:\users\kurumichan\desktop\dnf cloning\dnf cloning\debug\dnf cloning.tlog\link.command.1.tlog
c:\users\kurumichan\desktop\dnf cloning\dnf cloning\debug\dnf cloning.tlog\link.read.1.tlog
c:\users\kurumichan\desktop\dnf cloning\dnf cloning\debug\dnf cloning.tlog\link.write.1.tlog
c:\users\kurumichan\desktop\dnf cloning\dnf cloning\debug\dnf cloning.tlog\rc.command.1.tlog
c:\users\kurumichan\desktop\dnf cloning\dnf cloning\debug\dnf cloning.tlog\rc.read.1.tlog
c:\users\kurumichan\desktop\dnf cloning\dnf cloning\debug\dnf cloning.tlog\rc.write.1.tlog
